Unity Editor version:    2020.3.31f1 (6b54b7616050)
Branch:                  2020.3/release
Build type:              Release
Batch mode:              YES
macOS version:           Version 12.2.1 (Build 21D62)
Darwin version:          21.3.0
Architecture:            x86_64
Running under Rosetta:   YES
Available memory:        16384 MB
Using pre-set license
Pro License: NO

COMMAND LINE ARGUMENTS:
/Applications/Unity/Unity.app/Contents/MacOS/Unity
-adb2
-batchMode
-noUpm
-name
AssetImportWorker0
-projectPath
/Users/felixprivat/Documents/GitHub/Madrid/Unity Projekt
-logFile
Logs/AssetImportWorker0.log
-srvPort
64953
Successfully changed project path to: /Users/felixprivat/Documents/GitHub/Madrid/Unity Projekt
/Users/felixprivat/Documents/GitHub/Madrid/Unity Projekt
Using Asset Import Pipeline V2.
Refreshing native plugins compatible for Editor in 45.13 ms, found 2 plugins.
Preloading 0 native plugins for Editor in 0.00 ms.
Initialize engine version: 2020.3.31f1 (6b54b7616050)
[Subsystems] Discovering subsystems at path /Applications/Unity/Unity.app/Contents/Resources/UnitySubsystems
[Subsystems] Discovering subsystems at path /Users/felixprivat/Documents/GitHub/Madrid/Unity Projekt/Assets
GfxDevice: creating device client; threaded=0
2022-06-12 15:34:50.145 Unity[29079:1047028] (null) preferred device: Apple M1 (high power)
2022-06-12 15:34:50.145 Unity[29079:1047028] Metal devices available: 1
2022-06-12 15:34:50.145 Unity[29079:1047028] 0: Apple M1 (high power)
2022-06-12 15:34:50.145 Unity[29079:1047028] Using device Apple M1 (high power)
Initializing Metal device caps: Apple M1
Initialize mono
Mono path[0] = '/Applications/Unity/Unity.app/Contents/Managed'
Mono path[1] = '/Applications/Unity/Unity.app/Contents/MonoBleedingEdge/lib/mono/unityjit'
Mono config path = '/Applications/Unity/Unity.app/Contents/MonoBleedingEdge/etc'
Using monoOptions --debugger-agent=transport=dt_socket,embedding=1,server=y,suspend=n,address=127.0.0.1:56079
Begin MonoManager ReloadAssembly
Registering precompiled unity dll's ...
Register platform support module: /Applications/Unity/Unity.app/Contents/PlaybackEngines/MacStandaloneSupport/UnityEditor.OSXStandalone.Extensions.dll
Registered in 0.001142 seconds.
Native extension for OSXStandalone target not found
Refreshing native plugins compatible for Editor in 40.01 ms, found 2 plugins.
Preloading 0 native plugins for Editor in 0.00 ms.
Mono: successfully reloaded assembly
- Completed reload, in  1.159 seconds
Domain Reload Profiling:
	ReloadAssembly (1159ms)
		BeginReloadAssembly (104ms)
			ExecutionOrderSort (0ms)
			DisableScriptedObjects (0ms)
			BackupInstance (0ms)
			ReleaseScriptingObjects (0ms)
			CreateAndSetChildDomain (2ms)
		EndReloadAssembly (944ms)
			LoadAssemblies (103ms)
			RebuildTransferFunctionScriptingTraits (0ms)
			SetupTypeCache (174ms)
			ReleaseScriptCaches (0ms)
			RebuildScriptCaches (38ms)
			SetupLoadedEditorAssemblies (461ms)
				LogAssemblyErrors (0ms)
				InitializePlatformSupportModulesInManaged (11ms)
				SetLoadedEditorAssemblies (0ms)
				RefreshPlugins (40ms)
				BeforeProcessingInitializeOnLoad (19ms)
				ProcessInitializeOnLoadAttributes (294ms)
				ProcessInitializeOnLoadMethodAttributes (96ms)
				AfterProcessingInitializeOnLoad (0ms)
				EditorAssembliesLoaded (1ms)
			ExecutionOrderSort2 (0ms)
			AwakeInstancesAfterBackupRestoration (0ms)
Platform modules already initialized, skipping
Registering precompiled user dll's ...
Registered in 0.002541 seconds.
Begin MonoManager ReloadAssembly
Native extension for OSXStandalone target not found
Refreshing native plugins compatible for Editor in 40.65 ms, found 2 plugins.
Preloading 0 native plugins for Editor in 0.00 ms.
Mono: successfully reloaded assembly
- Completed reload, in  2.189 seconds
Domain Reload Profiling:
	ReloadAssembly (2190ms)
		BeginReloadAssembly (233ms)
			ExecutionOrderSort (0ms)
			DisableScriptedObjects (29ms)
			BackupInstance (0ms)
			ReleaseScriptingObjects (0ms)
			CreateAndSetChildDomain (27ms)
		EndReloadAssembly (1873ms)
			LoadAssemblies (177ms)
			RebuildTransferFunctionScriptingTraits (0ms)
			SetupTypeCache (325ms)
			ReleaseScriptCaches (0ms)
			RebuildScriptCaches (55ms)
			SetupLoadedEditorAssemblies (1040ms)
				LogAssemblyErrors (0ms)
				InitializePlatformSupportModulesInManaged (9ms)
				SetLoadedEditorAssemblies (0ms)
				RefreshPlugins (41ms)
				BeforeProcessingInitializeOnLoad (107ms)
				ProcessInitializeOnLoadAttributes (835ms)
				ProcessInitializeOnLoadMethodAttributes (46ms)
				AfterProcessingInitializeOnLoad (1ms)
				EditorAssembliesLoaded (1ms)
			ExecutionOrderSort2 (0ms)
			AwakeInstancesAfterBackupRestoration (27ms)
Platform modules already initialized, skipping
Validating Project structure ... 0.000916 seconds.
Shader import version has changed; will reimport all shaders...
Upgrading shader files ...0.000986 seconds.
Application.AssetDatabase Initial Script Refresh Start
RefreshInfo: InitialScriptRefreshV2(NoUpdateAssetOptions) scanfilter:  ... 1 filters
RefreshProfiler: Total: 0.000ms
Application.AssetDatabase Initial Script Refresh End
Application.AssetDatabase.Refresh Start
Application.AssetDatabase.Refresh End
RefreshInfo: StopAssetImportingV2(ForceSynchronousImport) scanfilter: 
RefreshProfiler: Total: 0.000ms
Launching external process: /Applications/Unity/Unity.app/Contents/Tools/UnityShaderCompiler
Launched and connected shader compiler UnityShaderCompiler after 0.02 seconds
Initializing Unity extensions:
2022-06-12 15:34:54.792 Unity[29079:1047028] NSEventModifierFlagFunction specified to -setKeyEquivalentModifierMask: for item <NSMenuItem: 0x600002062530 Font Asset, ke='Command-F12'>, but is only supported for system-provided menu items; will not be used
2022-06-12 15:34:54.796 Unity[29079:1047028] NSEventModifierFlagFunction specified to -setKeyEquivalentModifierMask: for item <NSMenuItem: 0x6000020160d0 Font Asset, ke='Command-F12'>, but is only supported for system-provided menu items; will not be used
========================================================================
Worker process is ready to serve import requests
Refreshing native plugins compatible for Editor in 0.39 ms, found 2 plugins.
Preloading 0 native plugins for Editor in 0.00 ms.
Unloading 2370 Unused Serialized files (Serialized files now loaded: 0)
System memory in use before: 223.3 MB.
System memory in use after: 222.4 MB.

Unloading 154 unused Assets to reduce memory usage. Loaded Objects now: 2843.
Total: 2.664958 ms (FindLiveObjects: 0.095500 ms CreateObjectMapping: 0.047375 ms MarkObjects: 2.056833 ms  DeleteObjects: 0.464291 ms)

AssetImportParameters requested are different than current active one (requested -> active):
  custom:video-decoder-ogg-theora: a1e56fd34408186e4bbccfd4996cb3dc -> 
  custom:container-muxer-webm: aa71ff27fc2769a1b78a27578f13a17b -> 
  custom:container-demuxer-webm: 4f35f7cbe854078d1ac9338744f61a02 -> 
  custom:container-demuxer-ogg: 62fdf1f143b41e24485cea50d1cbac27 -> 
  custom:video-encoder-webm-vp8: eb34c28f22e8b96e1ab97ce403110664 -> 
  custom:framework-osx-AVFoundation: e770b220cccbd017edd2c1fefb359320 -> 
  custom:video-decoder-webm-vp8: 9c59270c3fd7afecdb556c50c9e8de78 -> 
  custom:audio-decoder-ogg-vorbis: bf7c407c2cedff20999df2af8eb42d56 -> 
  custom:audio-encoder-webm-vorbis: bf7c407c2cedff20999df2af8eb42d56 -> 
========================================================================
Received Import Request.
  path: Assets/StarterAssets/Editor/ScriptingDefineUtils.cs
  artifactKey: Guid(19d5e2567c974ac6817cbc0ae63e638c) Importer(815301076,1909f56bfc062723c751e8b465ee728b)
Start importing Assets/StarterAssets/Editor/ScriptingDefineUtils.cs using Guid(19d5e2567c974ac6817cbc0ae63e638c) Importer(815301076,1909f56bfc062723c751e8b465ee728b)  -> (artifact id: 'bb99db850d75d8ee79f33e2a311ed271') in 0.125124 seconds 
========================================================================
Received Import Request.
  Time since last request: 238.485145 seconds.
  path: Assets/Gebäude.prefab
  artifactKey: Guid(aa839b109e6fe484ab582486b1d2119c) Importer(815301076,1909f56bfc062723c751e8b465ee728b)
Start importing Assets/Gebäude.prefab using Guid(aa839b109e6fe484ab582486b1d2119c) Importer(815301076,1909f56bfc062723c751e8b465ee728b)  -> (artifact id: 'c8492aeb8d224082a970bd28dcbf25dc') in 0.159889 seconds 
========================================================================
Received Import Request.
  Time since last request: 7.823979 seconds.
  path: Assets/Scenes
  artifactKey: Guid(41bd1c6caacd54bcfaada5bf5b6be969) Importer(815301076,1909f56bfc062723c751e8b465ee728b)
Start importing Assets/Scenes using Guid(41bd1c6caacd54bcfaada5bf5b6be969) Importer(815301076,1909f56bfc062723c751e8b465ee728b)  -> (artifact id: '9fcf5fba8c94520b947b0d8392fff80a') in 0.002383 seconds 
